  МЕХАНИЗМЫ ПЕРЕДАТОЧНЫЕ                    РАСЧЕТ ПРОЕКТНЫЙ
  Клиновыми ремнями                               Вариант 22
 ═══════════════════ РЕЗУЛЬТАТЫ РАСЧЕТА ═════════════════════
                     Параметры передачи
   Номинальная мощность, кВт   . . . . . . . . . . .    7.48
   Номинальный момент на ведущем валу, Н.м . . . . .  373.77
   Передаточное отношение      . . . . . . . . . . .    1.02
   Номинальное межосевое расстояние, мм    . . . . .  648.14
                      Параметры ремня                 
   Сечение               . . . . . . . . . . . . . .   SPC
   Число ремней          . . . . . . . . . . . . . .    5.
   Длина, мм             . . . . . . . . . . . . . . 2000.00
   Скорость ремня, м/с   . . . . . . . . . . . . . .    2.24
                      Параметры шкивов                
   Расчетные диаметры, мм                                
        ведущего         . . . . . . . . . . . . . .  224.00
        ведомого         . . . . . . . . . . . . . .  224.00
   Ширина, мм            . . . . . . . . . . . . . .  138.00
                 Эксплуатационные параметры              
   Ресурс при номинальной нагрузке, час  . . . . . . 2000.00
   Радиальная нагрузка на вал, Н         . . . . . . 5181.86
   Межосевые расстояния, мм                             
        минимальное      . . . . . . . . . . . . . .  628.14
        максимальное     . . . . . . . . . . . . . .  703.14
   Нагрузка на ветвь для контроля натяжения, Н   . .   43.04
   Стрела прогиба под контрольной нагрузкой, мм  . .   10.05
   Отклонение осей шкивов от параллельности, минут .   20.0
   Осевое смещение шкивов не более, мм       . . . .    2.59
   Коэффициент динамичности и режима работы  . . . .    1.30
 ════════════════════════════════════════════════════════════
               ПРОГРАММА N 15      ИМЯ ФАЙЛА ДАННЫХ:        
**
