  МЕХАНИЗМЫ ПЕРЕДАТОЧНЫЕ                                     РАСЧЕТ ПРОЕКТНЫЙ
  Зубчатые цилиндрические одноступенчатые
  внешнего зацепления прямозубые                                   Вариант  8
 ═══════════════════════════ РЕЗУЛЬТАТЫ РАСЧЕТА ══════════════════════════════
                          Характеристика механизма
    Передаточное отношение механизма  . . . . . . . . . . . . .    7.571
    Вращающий момент на Быстроходном валу, Н.м  . . . . . . . .      43.1
                        Тихоходном валу, Н.м    . . . . . . . .     320.0
    Частота вращения Быстроходного вала, об/мин . . . . . . . .   1446.1
                     Тихоходного вала, об/мин   . . . . . . . .  191.000
    Масса Механизма, кг       . . . . . . . . . . . . . . . . .      64.
          Колес, кг           . . . . . . . . . . . . . . . . .     25.3
    Степень точности          . . . . . . . . . . . . . . . . .    8.
    Коэффициент ширины венца  . . . . . . . . . . . . . . . . .     .400
    Межосевое расстояние, мм  . . . . . . . . . . . . . . . . .  180.000
    Угол зацепления, град     . . . . . . . . . . . . . . . . .   20.000
    Угол наклона зубьев, град . . . . . . . . . . . . . . . . .     .000
    Модуль зацепления (нормальный), мм    . . . . . . . . . . .    3.000
    Силы в зацеплении, Н:
       Окружная (суммарная для шеврона)   . . . . . . . . . . .    2013.
       Радиальная (суммарная для шеврона) . . . . . . . . . . .     733.
       Осевая               . . . . . . . . . . . . . . . . . .       0.
    Контактные напряжения, МПа:
       при номинальной нагрузке:
          расчетные         . . . . . . . . . . . . . . . . . .     472.9
          допускаемые       . . . . . . . . . . . . . . . . . .     504.3
       при максимальной нагрузке:
          расчетные         . . . . . . . . . . . . . . . . . .     701.4
          допускаемые       . . . . . . . . . . . . . . . . . .    1960.0
 ──────────────────────────────────────────────────────┬──────────┬───────────  
               Параметры зубчатого Колеса              │ Шестерня │  Колесо
 ──────────────────────────────────────────────────────┴──────────┴───────────  
    Число зубьев      . . . . . . . . . . . . . . . .       14.       106.
    Коэффициент смещения исходного контура  . . . . .         .300      -.300
    Диаметры, мм:
       Делительный    . . . . . . . . . . . . . . . .       42.000    318.000
       Начальный      . . . . . . . . . . . . . . . .       42.000    318.000
       Вершин         . . . . . . . . . . . . . . . .       49.800    322.200
       Впадин         . . . . . . . . . . . . . . . .       36.300    308.700
    Ширина зубчатого венца, мм          . . . . . . .         79.0       72.0
    Твердость поверхности зубьев, HRCэ  . . . . . . .         49.0       28.5
    Напряжения изгиба, МПа:
       при номинальной нагрузке:
          расчетные       . . . . . . . . . . . . . .         84.6        89.2
          допускаемые     . . . . . . . . . . . . . .        227.9       209.4
       при максимальной нагрузке:
          расчетные       . . . . . . . . . . . . . .        186.0       196.2
          допускаемые     . . . . . . . . . . . . . .       1343.2       987.2
 ─────────────────────────────────────────────────────────────────────────────
               ПРОГРАММА N 28    ИМЯ ФАЙЛА ДАННЫХ:        
**
